Security Log Started - 2025-07-24 02:27:42.920282
[2025-07-24 02:27:42] SYSTEM_START: Enhanced secure trading system starting
[2025-07-24 02:27:42] CONFIG_LOADED: Configuration loaded successfully
[2025-07-24 02:27:43] MT5_CONNECTED: Account: 98509933
[2025-07-24 02:27:49] TELEGRAM_CONNECTING: Attempting Telegram connection
[2025-07-24 02:27:50] TELEGRAM_CONNECTED: Successfully connected to Telegram
[2025-07-24 02:32:50] FILE_MODIFIED: main.py has been changed
[2025-07-24 02:35:06] SYSTEM_SHUTDOWN: Enhanced trading system shutting down
[2025-07-24 02:35:29] SYSTEM_START: Enhanced secure trading system starting
[2025-07-24 02:35:29] CONFIG_LOADED: Configuration loaded successfully
[2025-07-24 02:35:29] MT5_CONNECTED: Account: 98509933
[2025-07-24 02:35:36] TELEGRAM_CONNECTING: Attempting Telegram connection
[2025-07-24 02:35:37] TELEGRAM_CONNECTED: Successfully connected to Telegram
[2025-07-25 02:34:15] SYSTEM_SHUTDOWN: Enhanced trading system shutting down
[2025-07-25 02:34:32] SYSTEM_START: Enhanced secure trading system starting
[2025-07-25 02:34:32] CONFIG_LOADED: Configuration loaded successfully
[2025-07-25 02:34:32] MT5_CONNECTED: Account: 98509933
[2025-07-25 02:34:33] TELEGRAM_CONNECTING: Attempting Telegram connection
[2025-07-25 02:34:35] TELEGRAM_CONNECTED: Successfully connected to Telegram
[2025-07-25 13:14:40] SYSTEM_SHUTDOWN: Enhanced trading system shutting down
[2025-07-25 13:14:57] SYSTEM_START: Enhanced secure trading system starting
[2025-07-25 13:14:58] CONFIG_LOADED: Configuration loaded successfully
[2025-07-25 13:14:58] MT5_CONNECTED: Account: 98509933
[2025-07-25 13:16:14] TELEGRAM_CONNECTING: Attempting Telegram connection
[2025-07-25 13:16:15] TELEGRAM_CONNECTED: Successfully connected to Telegram
[2025-07-25 13:18:11] SYSTEM_SHUTDOWN: Enhanced trading system shutting down
[2025-07-25 13:18:29] SYSTEM_START: Enhanced secure trading system starting
[2025-07-25 13:18:29] CONFIG_LOADED: Configuration loaded successfully
[2025-07-25 13:18:29] MT5_CONNECTED: Account: 98509933
[2025-07-25 13:22:05] TELEGRAM_CONNECTING: Attempting Telegram connection
[2025-07-25 13:22:06] TELEGRAM_CONNECTED: Successfully connected to Telegram
[2025-07-28 01:29:01] SYSTEM_START: Enhanced secure trading system starting
[2025-07-28 01:29:01] CONFIG_LOADED: Configuration loaded successfully
[2025-07-28 01:29:01] MT5_CONNECTED: Account: 98509933
[2025-07-28 01:29:09] TELEGRAM_CONNECTING: Attempting Telegram connection
[2025-07-28 01:29:10] TELEGRAM_CONNECTED: Successfully connected to Telegram
[2025-07-28 01:31:22] MESSAGE_RECEIVED: Channel: -1002829694946
[2025-07-28 01:31:22] SIGNAL_PARSED: Symbol: CADJPY
[2025-07-28 01:31:22] MESSAGE_RECEIVED: Channel: -1002829694946
[2025-07-28 01:31:22] SIGNAL_PARSED: Symbol: CADJPY
[2025-07-28 01:31:23] MESSAGE_RECEIVED: Channel: -1002829694946
[2025-07-28 01:31:23] SIGNAL_PARSED: Symbol: AUDUSD
[2025-07-28 01:31:23] MESSAGE_RECEIVED: Channel: -1002829694946
[2025-07-28 01:31:23] SIGNAL_PARSED: Symbol: AUDJPY
[2025-07-28 01:31:23] MESSAGE_RECEIVED: Channel: -1002829694946
[2025-07-28 01:31:23] SIGNAL_PARSED: Symbol: AUDCHF
[2025-07-28 01:31:23] MESSAGE_RECEIVED: Channel: -1002829694946
[2025-07-28 01:31:24] SIGNAL_PARSED: Symbol: AUDCHF
[2025-07-28 01:31:24] MESSAGE_RECEIVED: Channel: -1002829694946
[2025-07-28 01:31:24] SIGNAL_PARSED: Symbol: AUDCAD
[2025-07-28 01:31:24] MESSAGE_RECEIVED: Channel: -1002829694946
[2025-07-28 01:31:24] SIGNAL_PARSED: Symbol: AUDCAD
[2025-07-28 01:31:24] MESSAGE_RECEIVED: Channel: -1002829694946
[2025-07-28 01:31:24] SIGNAL_PARSED: Symbol: OILCash
[2025-07-28 01:31:25] MESSAGE_RECEIVED: Channel: -1002829694946
[2025-07-28 01:31:25] SIGNAL_PARSED: Symbol: JP225Cash
[2025-07-28 01:31:25] MESSAGE_RECEIVED: Channel: -1002829694946
[2025-07-28 01:31:25] SIGNAL_PARSED: Symbol: JP225Cash
[2025-07-28 01:31:26] MESSAGE_RECEIVED: Channel: -1002829694946
[2025-07-28 01:31:26] SIGNAL_PARSED: Symbol: 40
[2025-07-28 01:31:26] MESSAGE_RECEIVED: Channel: -1002829694946
[2025-07-28 01:31:26] SIGNAL_PARSED: Symbol: US100Cash
[2025-07-28 01:31:26] MESSAGE_RECEIVED: Channel: -1002829694946
[2025-07-28 01:31:26] SIGNAL_PARSED: Symbol: US100Cash
[2025-07-28 01:31:26] MESSAGE_RECEIVED: Channel: -1002829694946
[2025-07-28 01:31:27] SIGNAL_PARSED: Symbol: GOLD
[2025-07-28 01:31:27] MESSAGE_RECEIVED: Channel: -1002829694946
[2025-07-28 01:31:27] SIGNAL_PARSED: Symbol: US30Cash
[2025-07-28 01:31:27] MESSAGE_RECEIVED: Channel: -1002829694946
[2025-07-28 01:31:27] SIGNAL_PARSED: Symbol: US30Cash
[2025-07-28 01:31:27] MESSAGE_RECEIVED: Channel: -1002829694946
[2025-07-28 01:31:28] SIGNAL_PARSED: Symbol: USDCHF
[2025-07-28 01:31:28] MESSAGE_RECEIVED: Channel: -1002829694946
[2025-07-28 01:31:28] SIGNAL_PARSED: Symbol: USDJPY
[2025-07-28 01:31:28] MESSAGE_RECEIVED: Channel: -1002829694946
[2025-07-28 01:31:28] SIGNAL_PARSED: Symbol: USDCAD
[2025-07-28 01:31:28] MESSAGE_RECEIVED: Channel: -1002829694946
[2025-07-28 01:31:29] SIGNAL_PARSED: Symbol: NZDJPY
[2025-07-28 01:31:29] MESSAGE_RECEIVED: Channel: -1002829694946
[2025-07-28 01:31:29] SIGNAL_PARSED: Symbol: NZDCHF
[2025-07-28 01:31:29] MESSAGE_RECEIVED: Channel: -1002829694946
[2025-07-28 01:31:29] SIGNAL_PARSED: Symbol: GBPUSD
[2025-07-28 01:31:29] MESSAGE_RECEIVED: Channel: -1002829694946
[2025-07-28 01:31:30] SIGNAL_PARSED: Symbol: GBPNZD
[2025-07-28 01:31:30] MESSAGE_RECEIVED: Channel: -1002829694946
[2025-07-28 01:31:30] SIGNAL_PARSED: Symbol: GBPCHF
[2025-07-28 01:31:30] MESSAGE_RECEIVED: Channel: -1002829694946
[2025-07-28 01:31:30] SIGNAL_PARSED: Symbol: GBPCAD
[2025-07-28 01:31:30] MESSAGE_RECEIVED: Channel: -1002829694946
[2025-07-28 01:31:31] SIGNAL_PARSED: Symbol: GBPAUD
[2025-07-28 01:31:31] MESSAGE_RECEIVED: Channel: -1002829694946
[2025-07-28 01:31:31] SIGNAL_PARSED: Symbol: EURUSD
[2025-07-28 01:31:31] MESSAGE_RECEIVED: Channel: -1002829694946
[2025-07-28 01:31:31] SIGNAL_PARSED: Symbol: EURUSD
[2025-07-28 01:31:31] MESSAGE_RECEIVED: Channel: -1002829694946
[2025-07-28 01:31:31] SIGNAL_PARSED: Symbol: EURNZD
[2025-07-28 01:31:31] MESSAGE_RECEIVED: Channel: -1002829694946
[2025-07-28 01:31:32] SIGNAL_PARSED: Symbol: EURJPY
[2025-07-28 01:31:32] MESSAGE_RECEIVED: Channel: -1002829694946
[2025-07-28 01:31:32] SIGNAL_PARSED: Symbol: EURCAD
[2025-07-28 01:31:32] MESSAGE_RECEIVED: Channel: -1002829694946
[2025-07-28 01:31:32] SIGNAL_PARSED: Symbol: EURAUD
[2025-07-28 01:31:32] MESSAGE_RECEIVED: Channel: -1002829694946
[2025-07-28 01:31:33] SIGNAL_PARSED: Symbol: EURAUD
[2025-07-28 01:31:33] MESSAGE_RECEIVED: Channel: -1002829694946
[2025-07-28 01:31:33] SIGNAL_PARSED: Symbol: CHFJPY
[2025-07-29 21:43:32] CONNECTION_ERROR: Connection lost: Connection to Telegram failed 5 time(s)
[2025-07-29 22:26:18] TELEGRAM_CONNECTING: Attempting Telegram connection
[2025-07-29 22:26:20] TELEGRAM_CONNECTED: Successfully connected to Telegram
